Traceback (most recent call last):
  File "/global/u2/z/zohim/tutorial_vqe/test.py", line 9, in <module>
Traceback (most recent call last):
  File "/global/u2/z/zohim/tutorial_vqe/test.py", line 9, in <module>
Traceback (most recent call last):
  File "/global/u2/z/zohim/tutorial_vqe/test.py", line 9, in <module>
Traceback (most recent call last):
  File "/global/u2/z/zohim/tutorial_vqe/test.py", line 9, in <module>
    from src.utils_ipie import get_molecular_hamiltonian
  File "/global/u2/z/zohim/tutorial_vqe/src/utils_ipie.py", line 7, in <module>
    from src.utils_ipie import get_molecular_hamiltonian
  File "/global/u2/z/zohim/tutorial_vqe/src/utils_ipie.py", line 7, in <module>
    from src.utils_ipie import get_molecular_hamiltonian
  File "/global/u2/z/zohim/tutorial_vqe/src/utils_ipie.py", line 7, in <module>
    from src.utils_ipie import get_molecular_hamiltonian
  File "/global/u2/z/zohim/tutorial_vqe/src/utils_ipie.py", line 7, in <module>
    from ipie.trial_wavefunction.particle_hole import ParticleHole
  File "/global/homes/z/zohim/.local/lib/python3.10/site-packages/ipie/trial_wavefunction/particle_hole.py", line 6, in <module>
    from ipie.trial_wavefunction.particle_hole import ParticleHole
  File "/global/homes/z/zohim/.local/lib/python3.10/site-packages/ipie/trial_wavefunction/particle_hole.py", line 6, in <module>
    from ipie.trial_wavefunction.particle_hole import ParticleHole
  File "/global/homes/z/zohim/.local/lib/python3.10/site-packages/ipie/trial_wavefunction/particle_hole.py", line 6, in <module>
    from ipie.trial_wavefunction.particle_hole import ParticleHole
  File "/global/homes/z/zohim/.local/lib/python3.10/site-packages/ipie/trial_wavefunction/particle_hole.py", line 6, in <module>
    from ipie.estimators.greens_function_multi_det import (
  File "/global/homes/z/zohim/.local/lib/python3.10/site-packages/ipie/estimators/greens_function_multi_det.py", line 5, in <module>
    from ipie.estimators.greens_function_multi_det import (
  File "/global/homes/z/zohim/.local/lib/python3.10/site-packages/ipie/estimators/greens_function_multi_det.py", line 5, in <module>
    from ipie.estimators.greens_function_multi_det import (
  File "/global/homes/z/zohim/.local/lib/python3.10/site-packages/ipie/estimators/greens_function_multi_det.py", line 5, in <module>
    from ipie.estimators.greens_function_multi_det import (
  File "/global/homes/z/zohim/.local/lib/python3.10/site-packages/ipie/estimators/greens_function_multi_det.py", line 5, in <module>
    from ipie.estimators.kernels.cpu import wicks as wk
  File "/global/homes/z/zohim/.local/lib/python3.10/site-packages/ipie/estimators/kernels/__init__.py", line 22, in <module>
    from ipie.estimators.kernels.cpu import wicks as wk
  File "/global/homes/z/zohim/.local/lib/python3.10/site-packages/ipie/estimators/kernels/__init__.py", line 22, in <module>
    from ipie.estimators.kernels.cpu import wicks as wk
  File "/global/homes/z/zohim/.local/lib/python3.10/site-packages/ipie/estimators/kernels/__init__.py", line 22, in <module>
    from ipie.estimators.kernels.cpu import wicks as wk
  File "/global/homes/z/zohim/.local/lib/python3.10/site-packages/ipie/estimators/kernels/__init__.py", line 22, in <module>
    from .gpu.exchange import exchange_reduction
  File "/global/homes/z/zohim/.local/lib/python3.10/site-packages/ipie/estimators/kernels/gpu/exchange.py", line 29, in <module>
    from .gpu.exchange import exchange_reduction
  File "/global/homes/z/zohim/.local/lib/python3.10/site-packages/ipie/estimators/kernels/gpu/exchange.py", line 29, in <module>
    from .gpu.exchange import exchange_reduction
  File "/global/homes/z/zohim/.local/lib/python3.10/site-packages/ipie/estimators/kernels/gpu/exchange.py", line 29, in <module>
    from .gpu.exchange import exchange_reduction
  File "/global/homes/z/zohim/.local/lib/python3.10/site-packages/ipie/estimators/kernels/gpu/exchange.py", line 29, in <module>
    @cuda.jit("void(complex128[:,:,:,:], complex128[:])")
NameError: name 'cuda' is not defined
    @cuda.jit("void(complex128[:,:,:,:], complex128[:])")
    @cuda.jit("void(complex128[:,:,:,:], complex128[:])")
NameError: name 'cuda' is not defined
NameError: name 'cuda' is not defined
    @cuda.jit("void(complex128[:,:,:,:], complex128[:])")
NameError: name 'cuda' is not defined
srun: error: nid001457: tasks 1-3: Exited with exit code 1
srun: Terminating StepId=31746363.0
srun: error: nid001457: task 0: Exited with exit code 1
